\BOOKMARK [1][-]{section.1}{\376\377\000T\000a\000b\000l\000e\000a\000u\000x\000\040\000M\000e\000t\000h\000o\000d}{}% 1
\BOOKMARK [2][-]{subsection.1.1}{\376\377\000P\000r\000o\000p\000o\000s\000i\000t\000i\000o\000n\000a\000l\000\040\000l\000o\000g\000i\000c\000\040\000t\000a\000b\000l\000e\000a\000u}{section.1}% 2
\BOOKMARK [3][-]{subsubsection.1.1.1}{\376\377\000R\000u\000l\000e\000s}{subsection.1.1}% 3
\BOOKMARK [1][-]{section.2}{\376\377\000R\000e\000g\000i\000o\000n\000-\000b\000a\000s\000e\000d\000\040\000C\000o\000n\000t\000a\000c\000t\000\040\000L\000o\000g\000i\000c\000s}{}% 4
\BOOKMARK [2][-]{subsection.2.1}{\376\377\000S\000y\000n\000t\000a\000x}{section.2}% 5
\BOOKMARK [2][-]{subsection.2.2}{\376\377\000S\000e\000m\000a\000n\000t\000i\000c\000s}{section.2}% 6
\BOOKMARK [1][-]{section.3}{\376\377\000Q\000u\000a\000n\000t\000i\000t\000a\000t\000i\000v\000e\000\040\000C\000o\000n\000t\000a\000c\000t\000\040\000L\000o\000g\000i\000c\000s}{}% 7
\BOOKMARK [1][-]{section.4}{\376\377\000F\000o\000r\000m\000u\000l\000a\000\040\000S\000a\000t\000i\000s\000f\000i\000a\000b\000i\000l\000i\000t\000y}{}% 8
\BOOKMARK [2][-]{subsection.4.1}{\376\377\000S\000y\000s\000t\000e\000m\000\040\000o\000f\000\040\000I\000n\000e\000q\000u\000a\000l\000i\000t\000i\000e\000s}{section.4}% 9
\BOOKMARK [2][-]{subsection.4.2}{\376\377\000S\000y\000s\000t\000e\000m\000\040\000C\000o\000n\000s\000t\000r\000u\000c\000t\000i\000o\000n}{section.4}% 10
\BOOKMARK [1][-]{section.5}{\376\377\000I\000m\000p\000l\000e\000m\000e\000n\000t\000a\000t\000i\000o\000n\000\040\000I\000n\000t\000r\000o\000d\000u\000c\000t\000i\000o\000n}{}% 11
\BOOKMARK [2][-]{subsection.5.1}{\376\377\000S\000y\000n\000t\000a\000x}{section.5}% 12
\BOOKMARK [2][-]{subsection.5.2}{\376\377\000F\000o\000r\000m\000u\000l\000a\000\040\000p\000a\000r\000s\000i\000n\000g}{section.5}% 13
\BOOKMARK [3][-]{subsubsection.5.2.1}{\376\377\000A\000b\000s\000t\000r\000a\000c\000t\000\040\000S\000y\000n\000t\000a\000x\000\040\000T\000r\000e\000e}{subsection.5.2}% 14
\BOOKMARK [3][-]{subsubsection.5.2.2}{\376\377\000T\000o\000k\000e\000n\000i\000z\000e\000r}{subsection.5.2}% 15
\BOOKMARK [3][-]{subsubsection.5.2.3}{\376\377\000P\000a\000r\000s\000e\000r}{subsection.5.2}% 16
\BOOKMARK [2][-]{subsection.5.3}{\376\377\000F\000o\000r\000m\000u\000l\000a\000\040\000r\000e\000f\000i\000n\000e\000m\000e\000n\000t}{section.5}% 17
\BOOKMARK [3][-]{subsubsection.5.3.1}{\376\377\000V\000i\000s\000i\000t\000o\000r\000\040\000P\000a\000t\000t\000e\000r\000n}{subsection.5.3}% 18
\BOOKMARK [3][-]{subsubsection.5.3.2}{\376\377\000V\000i\000s\000i\000t\000o\000r\000s\000\040\000O\000v\000e\000r\000v\000i\000e\000w}{subsection.5.3}% 19
\BOOKMARK [2][-]{subsection.5.4}{\376\377\000F\000o\000r\000m\000u\000l\000a\000\040\000b\000u\000i\000l\000d\000i\000n\000g}{section.5}% 20
\BOOKMARK [3][-]{subsubsection.5.4.1}{\376\377\000O\000p\000t\000i\000m\000i\000z\000a\000t\000i\000o\000n\000s}{subsection.5.4}% 21
\BOOKMARK [3][-]{subsubsection.5.4.2}{\376\377\000L\000a\000y\000o\000u\000t}{subsection.5.4}% 22
\BOOKMARK [3][-]{subsubsection.5.4.3}{\376\377\000H\000a\000s\000h\000i\000n\000g}{subsection.5.4}% 23
\BOOKMARK [3][-]{subsubsection.5.4.4}{\376\377\000C\000o\000n\000v\000e\000r\000s\000i\000o\000n\000\040\000f\000r\000o\000m\000\040\000A\000S\000T}{subsection.5.4}% 24
\BOOKMARK [1][-]{section.6}{\376\377\000T\000a\000b\000l\000e\000a\000u\000x\000\040\000I\000m\000p\000l\000e\000m\000e\000n\000t\000a\000t\000i\000o\000n}{}% 25
\BOOKMARK [2][-]{subsection.6.1}{\376\377\000D\000e\000f\000i\000n\000i\000t\000i\000o\000n\000:\000\040\000T\000a\000b\000l\000e\000a\000u\000x\000\040\000S\000t\000e\000p}{section.6}% 26
\BOOKMARK [3][-]{subsubsection.6.1.1}{\376\377\000R\000u\000l\000e\000s}{subsection.6.1}% 27
\BOOKMARK [2][-]{subsection.6.2}{\376\377\000I\000m\000p\000l\000e\000m\000e\000n\000t\000a\000t\000i\000o\000n}{section.6}% 28
\BOOKMARK [3][-]{subsubsection.6.2.1}{\376\377\000H\000a\000n\000d\000y\000\040\000m\000e\000t\000h\000o\000d\000s}{subsection.6.2}% 29
\BOOKMARK [1][-]{section.7}{\376\377\000M\000o\000d\000e\000l\000\040\000I\000m\000p\000l\000e\000m\000e\000n\000t\000a\000t\000i\000o\000n}{}% 30
\BOOKMARK [2][-]{subsection.7.1}{\376\377\000M\000o\000d\000a\000l\000\040\000p\000o\000i\000n\000t\000\040\000r\000e\000p\000r\000e\000s\000e\000n\000t\000a\000t\000i\000o\000n}{section.7}% 31
\BOOKMARK [2][-]{subsection.7.2}{\376\377\000C\000o\000n\000t\000a\000c\000t\000s\000\040\000r\000e\000p\000r\000e\000s\000e\000n\000t\000a\000t\000i\000o\000n}{section.7}% 32
\BOOKMARK [2][-]{subsection.7.3}{\376\377\000V\000a\000l\000u\000a\000t\000i\000o\000n\000\040\000r\000e\000p\000r\000e\000s\000e\000n\000t\000a\000t\000i\000o\000n}{section.7}% 33
\BOOKMARK [2][-]{subsection.7.4}{\376\377\000H\000a\000n\000d\000y\000\040\000m\000e\000t\000h\000o\000d\000s}{section.7}% 34
\BOOKMARK [2][-]{subsection.7.5}{\376\377\000B\000u\000i\000l\000d\000i\000n\000g\000\040\000a\000l\000g\000o\000r\000i\000t\000h\000m}{section.7}% 35
\BOOKMARK [1][-]{section.8}{\376\377\000Q\000u\000a\000n\000t\000a\000t\000i\000v\000e\000\040\000C\000o\000n\000t\000a\000c\000t\000\040\000L\000o\000g\000i\000c\000s\000\040\000I\000m\000p\000l\000e\000m\000e\000n\000t\000a\000t\000i\000o\000n}{}% 36
\BOOKMARK [2][-]{subsection.8.1}{\376\377\000S\000y\000s\000t\000e\000m\000\040\000o\000f\000\040\000I\000n\000e\000q\000u\000a\000l\000i\000t\000i\000e\000s\000\040\000I\000m\000p\000l\000e\000m\000e\000n\000t\000a\000t\000i\000o\000n}{section.8}% 37
\BOOKMARK [2][-]{subsection.8.2}{\376\377\000B\000u\000l\000d\000i\000n\000g\000\040\000A\000l\000g\000o\000r\000i\000t\000h\000m}{section.8}% 38
